<?xml version="1.0" encoding="UTF-8"?>
<!-- Generated by org.testng.reporters.JUnitXMLReporter -->
<testsuite ignored="0" hostname="DESKTOP-67SLKE8" failures="1" tests="2" name="Regression" time="147.247" errors="0" timestamp="2021-10-04T18:06:37 IST">
  <testcase classname="com.test.WeatherComparisonTest" name="compareWeatherWithinRange" time="8.055"/>
  <testcase classname="com.test.WeatherComparisonTest" name="compareWeatherOutsideRange" time="9.921">
    <failure type="java.lang.AssertionError" message="Temperature is Outside permissible Range">
      <![CDATA[java.lang.AssertionError: Temperature is Outside permissible Range
at com.test.WeatherComparisonTest.compareWeatherOutsideRange(WeatherComparisonTest.java:56)
at java.base/java.util.ArrayList.forEach(ArrayList.java:1541)
... Removed 31 stack frames]]>
    </failure>
  </testcase> <!-- compareWeatherOutsideRange -->
</testsuite> <!-- Regression -->
