<?xml version="1.0" encoding="UTF-8"?>
<testsuite xmlns:xsi="http://www.w3.org/2001/XMLSchema-instance" xsi:noNamespaceSchemaLocation="https://maven.apache.org/surefire/maven-surefire-plugin/xsd/surefire-test-report-3.0.xsd" version="3.0" name="TestSuite" time="148.149" tests="2" errors="0" skipped="0" failures="1">
  <properties>
[...]
</properties>
  <testcase name="compareWeatherWithinRange" classname="com.test.WeatherComparisonTest" time="8.086">
    <system-out><![CDATA[path=C:\Comparator-master\reports\AutomationReport_Mon Oct 04 18-04-09 IST 2021.html
*** Test Suite Regression started ***
*** Running test method compareWeatherWithinRange...
31.0
DEBUG [main] (BasicClientConnectionManager.java:161) - Get connection for route {s}->https://api.openweathermap.org:443
DEBUG [main] (DefaultClientConnectionOperator.java:177) - Connecting to api.openweathermap.org:443
DEBUG [main] (RequestAddCookies.java:123) - CookieSpec selected: ignoreCookies
DEBUG [main] (RequestAuthCache.java:77) - Auth cache not set in the context
DEBUG [main] (RequestTargetAuthentication.java:80) - Target auth state: UNCHALLENGED
DEBUG [main] (RequestProxyAuthentication.java:89) - Proxy auth state: UNCHALLENGED
DEBUG [main] (DefaultRequestDirector.java:682) - Attempt 1 to execute request
DEBUG [main] (DefaultClientConnection.java:274) - Sending request: GET /data/2.5/weather?q=Delhi%2CDelhi&appid=7fe67bf08c80ded756e598d6f8fedaea&units=Metric HTTP/1.1
DEBUG [main] (Wire.java:73) -  >> "GET /data/2.5/weather?q=Delhi%2CDelhi&appid=7fe67bf08c80ded756e598d6f8fedaea&units=Metric HTTP/1.1[\r][\n]"
DEBUG [main] (Wire.java:73) -  >> "Accept: */*[\r][\n]"
DEBUG [main] (Wire.java:73) -  >> "Host: api.openweathermap.org[\r][\n]"
DEBUG [main] (Wire.java:73) -  >> "Connection: Keep-Alive[\r][\n]"
DEBUG [main] (Wire.java:73) -  >> "User-Agent: Apache-HttpClient/4.5.3 (Java/11.0.8)[\r][\n]"
DEBUG [main] (Wire.java:73) -  >> "Accept-Encoding: gzip,deflate[\r][\n]"
DEBUG [main] (Wire.java:73) -  >> "[\r][\n]"
DEBUG [main] (DefaultClientConnection.java:278) - >> GET /data/2.5/weather?q=Delhi%2CDelhi&appid=7fe67bf08c80ded756e598d6f8fedaea&units=Metric HTTP/1.1
DEBUG [main] (DefaultClientConnection.java:281) - >> Accept: */*
DEBUG [main] (DefaultClientConnection.java:281) - >> Host: api.openweathermap.org
DEBUG [main] (DefaultClientConnection.java:281) - >> Connection: Keep-Alive
DEBUG [main] (DefaultClientConnection.java:281) - >> User-Agent: Apache-HttpClient/4.5.3 (Java/11.0.8)
DEBUG [main] (DefaultClientConnection.java:281) - >> Accept-Encoding: gzip,deflate
DEBUG [main] (Wire.java:73) -  << "HTTP/1.1 200 OK[\r][\n]"
DEBUG [main] (Wire.java:73) -  << "Server: openresty[\r][\n]"
DEBUG [main] (Wire.java:73) -  << "Date: Mon, 04 Oct 2021 12:35:05 GMT[\r][\n]"
DEBUG [main] (Wire.java:73) -  << "Content-Type: application/json; charset=utf-8[\r][\n]"
DEBUG [main] (Wire.java:73) -  << "Content-Length: 456[\r][\n]"
DEBUG [main] (Wire.java:73) -  << "Connection: keep-alive[\r][\n]"
DEBUG [main] (Wire.java:73) -  << "X-Cache-Key: /data/2.5/weather?q=delhi%2cdelhi&units=Metric[\r][\n]"
DEBUG [main] (Wire.java:73) -  << "Access-Control-Allow-Origin: *[\r][\n]"
DEBUG [main] (Wire.java:73) -  << "Access-Control-Allow-Credentials: true[\r][\n]"
DEBUG [main] (Wire.java:73) -  << "Access-Control-Allow-Methods: GET, POST[\r][\n]"
DEBUG [main] (Wire.java:73) -  << "[\r][\n]"
DEBUG [main] (DefaultClientConnection.java:259) - Receiving response: HTTP/1.1 200 OK
DEBUG [main] (DefaultClientConnection.java:262) - << HTTP/1.1 200 OK
DEBUG [main] (DefaultClientConnection.java:265) - << Server: openresty
DEBUG [main] (DefaultClientConnection.java:265) - << Date: Mon, 04 Oct 2021 12:35:05 GMT
DEBUG [main] (DefaultClientConnection.java:265) - << Content-Type: application/json; charset=utf-8
DEBUG [main] (DefaultClientConnection.java:265) - << Content-Length: 456
DEBUG [main] (DefaultClientConnection.java:265) - << Connection: keep-alive
DEBUG [main] (DefaultClientConnection.java:265) - << X-Cache-Key: /data/2.5/weather?q=delhi%2cdelhi&units=Metric
DEBUG [main] (DefaultClientConnection.java:265) - << Access-Control-Allow-Origin: *
DEBUG [main] (DefaultClientConnection.java:265) - << Access-Control-Allow-Credentials: true
DEBUG [main] (DefaultClientConnection.java:265) - << Access-Control-Allow-Methods: GET, POST
DEBUG [main] (DefaultRequestDirector.java:509) - Connection can be kept alive indefinitely
DEBUG [main] (HTTPBuilder.java:544) - Parsing response as: application/json; charset=utf-8
DEBUG [main] (HTTPBuilder.java:547) - Parsed data to instance of: class org.apache.http.conn.EofSensorInputStream
DEBUG [main] (Wire.java:87) -  << "{"coord":{"lon":77.2167,"lat":28.6667},"weather":[{"id":721,"main":"Haze","description":"haze","icon":"50n"}],"base":"stations","main":{"temp":34.05,"feels_like":39.2,"temp_min":32.95,"temp_max":34.05,"pressure":1004,"humidity":52},"visibility":5000,"wind":{"speed":1.54,"deg":250},"clouds":{"all":40},"dt":1633350847,"sys":{"type":1,"id":9165,"country":"IN","sunrise":1633308330,"sunset":1633350844},"timezone":19800,"id":1273294,"name":"Delhi","cod":200}"
DEBUG [main] (BasicClientConnectionManager.java:200) - Releasing connection org.apache.http.impl.conn.ManagedClientConnectionImpl@331ff3ac
DEBUG [main] (BasicClientConnectionManager.java:225) - Connection can be kept alive indefinitely
jsonString=={"coord":{"lon":77.2167,"lat":28.6667},"weather":[{"id":721,"main":"Haze","description":"haze","icon":"50n"}],"base":"stations","main":{"temp":34.05,"feels_like":39.2,"temp_min":32.95,"temp_max":34.05,"pressure":1004,"humidity":52},"visibility":5000,"wind":{"speed":1.54,"deg":250},"clouds":{"all":40},"dt":1633350847,"sys":{"type":1,"id":9165,"country":"IN","sunrise":1633308330,"sunset":1633350844},"timezone":19800,"id":1273294,"name":"Delhi","cod":200}
Temperature from UI = 31.0
Temperature from API = 34.05
Temperature Variance ( 3.0499992 )  is with in permissible range
*** Executed compareWeatherWithinRange test successfully...
after sucess report generation
]]></system-out>
    <system-err><![CDATA[Starting ChromeDriver 94.0.4606.61 (418b78f5838ed0b1c69bb4e51ea0252171854915-refs/branch-heads/4606@{#1204}) on port 6607
Only local connections are allowed.
Please see https://chromedriver.chromium.org/security-considerations for suggestions on keeping ChromeDriver safe.
ChromeDriver was started successfully.
Oct 04, 2021 6:04:12 PM org.openqa.selenium.remote.ProtocolHandshake createSession
INFO: Detected dialect: W3C
]]></system-err>
  </testcase>
  <testcase name="compareWeatherOutsideRange" classname="com.test.WeatherComparisonTest" time="9.935">
    <failure message="Temperature is Outside permissible Range" type="java.lang.AssertionError"><![CDATA[java.lang.AssertionError: Temperature is Outside permissible Range
	at com.test.WeatherComparisonTest.compareWeatherOutsideRange(WeatherComparisonTest.java:56)
]]></failure>
    <system-out><![CDATA[*** Running test method compareWeatherOutsideRange...
31.0
DEBUG [main] (BasicClientConnectionManager.java:161) - Get connection for route {s}->https://api.openweathermap.org:443
DEBUG [main] (DefaultClientConnectionOperator.java:177) - Connecting to api.openweathermap.org:443
DEBUG [main] (RequestAddCookies.java:123) - CookieSpec selected: ignoreCookies
DEBUG [main] (RequestAuthCache.java:77) - Auth cache not set in the context
DEBUG [main] (RequestTargetAuthentication.java:80) - Target auth state: UNCHALLENGED
DEBUG [main] (RequestProxyAuthentication.java:89) - Proxy auth state: UNCHALLENGED
DEBUG [main] (DefaultRequestDirector.java:682) - Attempt 1 to execute request
DEBUG [main] (DefaultClientConnection.java:274) - Sending request: GET /data/2.5/weather?q=Delhi%2CDelhi&appid=7fe67bf08c80ded756e598d6f8fedaea&units=Metric HTTP/1.1
DEBUG [main] (Wire.java:73) -  >> "GET /data/2.5/weather?q=Delhi%2CDelhi&appid=7fe67bf08c80ded756e598d6f8fedaea&units=Metric HTTP/1.1[\r][\n]"
DEBUG [main] (Wire.java:73) -  >> "Accept: */*[\r][\n]"
DEBUG [main] (Wire.java:73) -  >> "Host: api.openweathermap.org[\r][\n]"
DEBUG [main] (Wire.java:73) -  >> "Connection: Keep-Alive[\r][\n]"
DEBUG [main] (Wire.java:73) -  >> "User-Agent: Apache-HttpClient/4.5.3 (Java/11.0.8)[\r][\n]"
DEBUG [main] (Wire.java:73) -  >> "Accept-Encoding: gzip,deflate[\r][\n]"
DEBUG [main] (Wire.java:73) -  >> "[\r][\n]"
DEBUG [main] (DefaultClientConnection.java:278) - >> GET /data/2.5/weather?q=Delhi%2CDelhi&appid=7fe67bf08c80ded756e598d6f8fedaea&units=Metric HTTP/1.1
DEBUG [main] (DefaultClientConnection.java:281) - >> Accept: */*
DEBUG [main] (DefaultClientConnection.java:281) - >> Host: api.openweathermap.org
DEBUG [main] (DefaultClientConnection.java:281) - >> Connection: Keep-Alive
DEBUG [main] (DefaultClientConnection.java:281) - >> User-Agent: Apache-HttpClient/4.5.3 (Java/11.0.8)
DEBUG [main] (DefaultClientConnection.java:281) - >> Accept-Encoding: gzip,deflate
DEBUG [main] (Wire.java:73) -  << "HTTP/1.1 200 OK[\r][\n]"
DEBUG [main] (Wire.java:73) -  << "Server: openresty[\r][\n]"
DEBUG [main] (Wire.java:73) -  << "Date: Mon, 04 Oct 2021 12:36:39 GMT[\r][\n]"
DEBUG [main] (Wire.java:73) -  << "Content-Type: application/json; charset=utf-8[\r][\n]"
DEBUG [main] (Wire.java:73) -  << "Content-Length: 456[\r][\n]"
DEBUG [main] (Wire.java:73) -  << "Connection: keep-alive[\r][\n]"
DEBUG [main] (Wire.java:73) -  << "X-Cache-Key: /data/2.5/weather?q=delhi%2cdelhi&units=Metric[\r][\n]"
DEBUG [main] (Wire.java:73) -  << "Access-Control-Allow-Origin: *[\r][\n]"
DEBUG [main] (Wire.java:73) -  << "Access-Control-Allow-Credentials: true[\r][\n]"
DEBUG [main] (Wire.java:73) -  << "Access-Control-Allow-Methods: GET, POST[\r][\n]"
DEBUG [main] (Wire.java:73) -  << "[\r][\n]"
DEBUG [main] (DefaultClientConnection.java:259) - Receiving response: HTTP/1.1 200 OK
DEBUG [main] (DefaultClientConnection.java:262) - << HTTP/1.1 200 OK
DEBUG [main] (DefaultClientConnection.java:265) - << Server: openresty
DEBUG [main] (DefaultClientConnection.java:265) - << Date: Mon, 04 Oct 2021 12:36:39 GMT
DEBUG [main] (DefaultClientConnection.java:265) - << Content-Type: application/json; charset=utf-8
DEBUG [main] (DefaultClientConnection.java:265) - << Content-Length: 456
DEBUG [main] (DefaultClientConnection.java:265) - << Connection: keep-alive
DEBUG [main] (DefaultClientConnection.java:265) - << X-Cache-Key: /data/2.5/weather?q=delhi%2cdelhi&units=Metric
DEBUG [main] (DefaultClientConnection.java:265) - << Access-Control-Allow-Origin: *
DEBUG [main] (DefaultClientConnection.java:265) - << Access-Control-Allow-Credentials: true
DEBUG [main] (DefaultClientConnection.java:265) - << Access-Control-Allow-Methods: GET, POST
DEBUG [main] (DefaultRequestDirector.java:509) - Connection can be kept alive indefinitely
DEBUG [main] (HTTPBuilder.java:544) - Parsing response as: application/json; charset=utf-8
DEBUG [main] (HTTPBuilder.java:547) - Parsed data to instance of: class org.apache.http.conn.EofSensorInputStream
DEBUG [main] (Wire.java:87) -  << "{"coord":{"lon":77.2167,"lat":28.6667},"weather":[{"id":721,"main":"Haze","description":"haze","icon":"50n"}],"base":"stations","main":{"temp":34.05,"feels_like":39.2,"temp_min":32.95,"temp_max":34.05,"pressure":1004,"humidity":52},"visibility":5000,"wind":{"speed":1.54,"deg":250},"clouds":{"all":40},"dt":1633350847,"sys":{"type":1,"id":9165,"country":"IN","sunrise":1633308330,"sunset":1633350844},"timezone":19800,"id":1273294,"name":"Delhi","cod":200}"
DEBUG [main] (BasicClientConnectionManager.java:200) - Releasing connection org.apache.http.impl.conn.ManagedClientConnectionImpl@4aaecabd
DEBUG [main] (BasicClientConnectionManager.java:225) - Connection can be kept alive indefinitely
jsonString=={"coord":{"lon":77.2167,"lat":28.6667},"weather":[{"id":721,"main":"Haze","description":"haze","icon":"50n"}],"base":"stations","main":{"temp":34.05,"feels_like":39.2,"temp_min":32.95,"temp_max":34.05,"pressure":1004,"humidity":52},"visibility":5000,"wind":{"speed":1.54,"deg":250},"clouds":{"all":40},"dt":1633350847,"sys":{"type":1,"id":9165,"country":"IN","sunrise":1633308330,"sunset":1633350844},"timezone":19800,"id":1273294,"name":"Delhi","cod":200}
Temperature from UI = 31.0
Temperature from API = 34.05
*** Test execution compareWeatherOutsideRange failed...
after Failure report generation
]]></system-out>
    <system-err><![CDATA[Starting ChromeDriver 94.0.4606.61 (418b78f5838ed0b1c69bb4e51ea0252171854915-refs/branch-heads/4606@{#1204}) on port 5589
Only local connections are allowed.
Please see https://chromedriver.chromium.org/security-considerations for suggestions on keeping ChromeDriver safe.
ChromeDriver was started successfully.
Oct 04, 2021 6:05:05 PM org.openqa.selenium.remote.ProtocolHandshake createSession
INFO: Detected dialect: W3C
com.util.TemperatureOutsideRangeException: Temperature variation is outside the range
	at com.util.Utilities.weatherComparator(Utilities.java:13)
	at com.test.WeatherComparisonTest.compareWeatherOutsideRange(WeatherComparisonTest.java:55)
	at java.base/jdk.internal.reflect.NativeMethodAccessorImpl.invoke0(Native Method)
	at java.base/jdk.internal.reflect.NativeMethodAccessorImpl.invoke(NativeMethodAccessorImpl.java:62)
	at java.base/jdk.internal.reflect.DelegatingMethodAccessorImpl.invoke(DelegatingMethodAccessorImpl.java:43)
	at java.base/java.lang.reflect.Method.invoke(Method.java:566)
	at org.testng.internal.MethodInvocationHelper.invokeMethod(MethodInvocationHelper.java:133)
	at org.testng.internal.TestInvoker.invokeMethod(TestInvoker.java:584)
	at org.testng.internal.TestInvoker.invokeTestMethod(TestInvoker.java:172)
	at org.testng.internal.MethodRunner.runInSequence(MethodRunner.java:46)
	at org.testng.internal.TestInvoker$MethodInvocationAgent.invoke(TestInvoker.java:804)
	at org.testng.internal.TestInvoker.invokeTestMethods(TestInvoker.java:145)
	at org.testng.internal.TestMethodWorker.invokeTestMethods(TestMethodWorker.java:146)
	at org.testng.internal.TestMethodWorker.run(TestMethodWorker.java:128)
	at java.base/java.util.ArrayList.forEach(ArrayList.java:1541)
	at org.testng.TestRunner.privateRun(TestRunner.java:770)
	at org.testng.TestRunner.run(TestRunner.java:591)
	at org.testng.SuiteRunner.runTest(SuiteRunner.java:402)
	at org.testng.SuiteRunner.runSequentially(SuiteRunner.java:396)
	at org.testng.SuiteRunner.privateRun(SuiteRunner.java:355)
	at org.testng.SuiteRunner.run(SuiteRunner.java:304)
	at org.testng.SuiteRunnerWorker.runSuite(SuiteRunnerWorker.java:53)
	at org.testng.SuiteRunnerWorker.run(SuiteRunnerWorker.java:96)
	at org.testng.TestNG.runSuitesSequentially(TestNG.java:1180)
	at org.testng.TestNG.runSuitesLocally(TestNG.java:1102)
	at org.testng.TestNG.runSuites(TestNG.java:1032)
	at org.testng.TestNG.run(TestNG.java:1000)
	at org.apache.maven.surefire.testng.TestNGExecutor.run(TestNGExecutor.java:284)
	at org.apache.maven.surefire.testng.TestNGXmlTestSuite.execute(TestNGXmlTestSuite.java:75)
	at org.apache.maven.surefire.testng.TestNGProvider.invoke(TestNGProvider.java:119)
	at org.apache.maven.surefire.booter.ForkedBooter.runSuitesInProcess(ForkedBooter.java:428)
	at org.apache.maven.surefire.booter.ForkedBooter.execute(ForkedBooter.java:162)
	at org.apache.maven.surefire.booter.ForkedBooter.run(ForkedBooter.java:562)
	at org.apache.maven.surefire.booter.ForkedBooter.main(ForkedBooter.java:548)
]]></system-err>
  </testcase>
</testsuite>