<?xml version="1.0" encoding="UTF-8"?>
<!-- Generated by org.testng.reporters.JUnitXMLReporter -->
<testsuite hostname="USPIT-LT1068" ignored="0" name="Regression" tests="2" failures="1" timestamp="2021-09-09T14:54:07 IST" time="72.901" errors="0">
  <testcase name="compareWeatherWithinRange" time="9.008" classname="com.test.WeatherComparisonTest"/>
  <testcase name="compareWeatherOutsideRange" time="3.263" classname="com.test.WeatherComparisonTest">
    <failure type="java.lang.AssertionError" message="Temperature is Outside permissible Range">
      <![CDATA[java.lang.AssertionError: Temperature is Outside permissible Range
at com.test.WeatherComparisonTest.compareWeatherOutsideRange(WeatherComparisonTest.java:58)
at java.util.ArrayList.forEach(ArrayList.java:1259)
... Removed 27 stack frames]]>
    </failure>
  </testcase> <!-- compareWeatherOutsideRange -->
</testsuite> <!-- Regression -->
